<?xml version="1.0" encoding="UTF-8"?>
<!-- Generated by org.testng.reporters.JUnitReportReporter -->
<testsuite hostname="DESKTOP-O44VUOE" failures="0" tests="1" name="com.test.classes.Watchlistadd" time="28.416" errors="0" timestamp="2021-06-16T16:13:45 IST" skipped="0">
  <testcase classname="com.test.classes.Watchlistadd" name="VerifyShareAddInWatchlist" time="28.416"/>
  <system-out/>
</testsuite> <!-- com.test.classes.Watchlistadd -->
