<?xml version="1.0" encoding="UTF-8"?>
<!-- Generated by org.testng.reporters.JUnitReportReporter -->
<testsuite hostname="DESKTOP-O44VUOE" failures="0" tests="1" name="com.test.classes.ToverifyLoginFunctionality" time="6.494" errors="0" timestamp="2021-06-18T17:03:31 IST" skipped="0">
  <testcase classname="com.test.classes.ToverifyLoginFunctionality" name="verifykitelogin" time="6.494"/>
  <system-out/>
</testsuite> <!-- com.test.classes.ToverifyLoginFunctionality -->
